<?xml version="1.0" encoding="UTF-8"?>
<!-- Generated by org.testng.reporters.JUnitXMLReporter -->
<testsuite ignored="0" hostname="MicaiCora-PC" failures="1" tests="1" name="Surefire test" time="29.865" errors="0" timestamp="2021-03-10T20:14:13 CET">
  <testcase classname="BookingComProject.SearchAccommodationFunctionalityTest" name="searchAvailableAccommodationTest" time="22.16">
    <failure type="java.lang.AssertionError" message="Number of people reservations is not valid expected [true] but found [false]">
      <![CDATA[java.lang.AssertionError: Number of people reservations is not valid expected [true] but found [false]
at BookingComProject.SearchAccommodationFunctionalityTest.searchAvailableAccommodationTest(SearchAccommodationFunctionalityTest.java:30)
at java.base/java.util.ArrayList.forEach(ArrayList.java:1510)
... Removed 35 stack frames]]>
    </failure>
  </testcase> <!-- searchAvailableAccommodationTest -->
</testsuite> <!-- Surefire test -->
