-------------------------------------------------------------------------------
Test set: BookingComProject.SearchAccommodationFunctionalityTest
-------------------------------------------------------------------------------
Tests run: 1, Failures: 1, Errors: 0, Skipped: 0, Time elapsed: 35.4 s <<< FAILURE! - in BookingComProject.SearchAccommodationFunctionalityTest
searchAvailableAccommodationTest(BookingComProject.SearchAccommodationFunctionalityTest)  Time elapsed: 22.175 s  <<< FAILURE!
java.lang.AssertionError: Number of people reservations is not valid expected [true] but found [false]
	at BookingComProject.SearchAccommodationFunctionalityTest.searchAvailableAccommodationTest(SearchAccommodationFunctionalityTest.java:30)

