<!DOCTYPE html>

<html>
  <head>
  <meta charset='utf-8'>
  <title>TestNG reports</title>

    <link type="text/css" href="testng-reports1.css" rel="stylesheet" id="ultra" />
    <link type="text/css" href="testng-reports.css" rel="stylesheet" id="retro" disabled="false"/>
    <script type="text/javascript" src="jquery-3.4.1.min.js"></script>
    <script type="text/javascript" src="testng-reports.js"></script>
    <script type="text/javascript" src="https://www.google.com/jsapi"></script>
    <script type='text/javascript'>
      google.load('visualization', '1', {packages:['table']});
      google.setOnLoadCallback(drawTable);
      var suiteTableInitFunctions = new Array();
      var suiteTableData = new Array();
    </script>
    <!--
      <script type="text/javascript" src="jquery-ui/js/jquery-ui-1.8.16.custom.min.js"></script>
     -->
  </head>

  <body>
    <div class="top-banner-root">
      <span class="top-banner-title-font">Test results</span>
      <button id="button" class="button">Switch Retro Theme</button> <!-- button -->
      <br/>
      <span class="top-banner-font-1">1 suite, 5 failed tests</span>
    </div> <!-- top-banner-root -->
    <div class="navigator-root">
      <div class="navigator-suite-header">
        <span>All suites</span>
        <a href="#" title="Collapse/expand all the suites" class="collapse-all-link">
          <img src="collapseall.gif" class="collapse-all-icon">
          </img> <!-- collapse-all-icon -->
        </a> <!-- collapse-all-link -->
      </div> <!-- navigator-suite-header -->
      <div class="suite">
        <div class="rounded-window">
          <div class="suite-header light-rounded-window-top">
            <a href="#" panel-name="suite-BookingComProject" class="navigator-link">
              <span class="suite-name border-failed">BookingComProject</span>
            </a> <!-- navigator-link -->
          </div> <!-- suite-header light-rounded-window-top -->
          <div class="navigator-suite-content">
            <div class="suite-section-title">
              <span>Info</span>
            </div> <!-- suite-section-title -->
            <div class="suite-section-content">
              <ul>
                <li>
                  <a href="#" panel-name="test-xml-BookingComProject" class="navigator-link ">
                    <span>C:\Users\MicaiCora\eclipse-AutomationProjects\BookingComFunctionality\testng.xml</span>
                  </a> <!-- navigator-link  -->
                </li>
                <li>
                  <a href="#" panel-name="testlist-BookingComProject" class="navigator-link ">
                    <span class="test-stats">5 tests</span>
                  </a> <!-- navigator-link  -->
                </li>
                <li>
                  <a href="#" panel-name="group-BookingComProject" class="navigator-link ">
                    <span>0 groups</span>
                  </a> <!-- navigator-link  -->
                </li>
                <li>
                  <a href="#" panel-name="times-BookingComProject" class="navigator-link ">
                    <span>Times</span>
                  </a> <!-- navigator-link  -->
                </li>
                <li>
                  <a href="#" panel-name="reporter-BookingComProject" class="navigator-link ">
                    <span>Reporter output</span>
                  </a> <!-- navigator-link  -->
                </li>
                <li>
                  <a href="#" panel-name="ignored-methods-BookingComProject" class="navigator-link ">
                    <span>Ignored methods</span>
                  </a> <!-- navigator-link  -->
                </li>
                <li>
                  <a href="#" panel-name="chronological-BookingComProject" class="navigator-link ">
                    <span>Chronological view</span>
                  </a> <!-- navigator-link  -->
                </li>
              </ul>
            </div> <!-- suite-section-content -->
            <div class="result-section">
              <div class="suite-section-title">
                <span>Results</span>
              </div> <!-- suite-section-title -->
              <div class="suite-section-content">
                <ul>
                  <li>
                    <span class="method-stats">5 methods, 5 failed,   </span>
                  </li>
                  <li>
                    <span class="method-list-title failed">Failed methods</span>
                    <span class="show-or-hide-methods failed">
                      <a href="#" panel-name="suite-BookingComProject" class="hide-methods failed suite-BookingComProject"> (hide)</a> <!-- hide-methods failed suite-BookingComProject -->
                      <a href="#" panel-name="suite-BookingComProject" class="show-methods failed suite-BookingComProject"> (show)</a> <!-- show-methods failed suite-BookingComProject -->
                    </span>
                    <div class="method-list-content failed suite-BookingComProject">
                      <span>
                        <img src="failed.png" width="3%"/>
                        <a href="#" panel-name="suite-BookingComProject" title="BookingComProject.AdditionalFilterSearchTest" class="method navigator-link" hash-for-method="additionalFilterSearchTest">additionalFilterSearchTest</a> <!-- method navigator-link -->
                      </span>
                      <br/>
                      <span>
                        <img src="failed.png" width="3%"/>
                        <a href="#" panel-name="suite-BookingComProject" title="BookingComProject.NegativeLoginTest" class="method navigator-link" hash-for-method="bookingComNegativeLoginTest(guzina.zavrsni@gmail.com, [wrongpassword])">bookingComNegativeLoginTest(guzina.zavrsni@gmail.com, [wrongpassword])</a> <!-- method navigator-link -->
                      </span>
                      <br/>
                      <span>
                        <img src="failed.png" width="3%"/>
                        <a href="#" panel-name="suite-BookingComProject" title="BookingComProject.PositiveLoginTest" class="method navigator-link" hash-for-method="bookingComPositiveLoginTest(guzina.zavrsni@gmail.com, [guzinazavrsni123])">bookingComPositiveLoginTest(guzina.zavrsni@gmail.com, [guzinazavrsni123])</a> <!-- method navigator-link -->
                      </span>
                      <br/>
                      <span>
                        <img src="failed.png" width="3%"/>
                        <a href="#" panel-name="suite-BookingComProject" title="BookingComProject.FinalReservationFunctionalityTest" class="method navigator-link" hash-for-method="reservationOfChosenAccommodationTest(guzina.zavrsni@gmail.com, [guzinazavrsni123])">reservationOfChosenAccommodationTest(guzina.zavrsni@gmail.com, [guzinazavrsni123])</a> <!-- method navigator-link -->
                      </span>
                      <br/>
                      <span>
                        <img src="failed.png" width="3%"/>
                        <a href="#" panel-name="suite-BookingComProject" title="BookingComProject.SearchAccommodationFunctionalityTest" class="method navigator-link" hash-for-method="searchAvailableAccommodationTest">searchAvailableAccommodationTest</a> <!-- method navigator-link -->
                      </span>
                      <br/>
                    </div> <!-- method-list-content failed suite-BookingComProject -->
                  </li>
                </ul>
              </div> <!-- suite-section-content -->
            </div> <!-- result-section -->
          </div> <!-- navigator-suite-content -->
        </div> <!-- rounded-window -->
      </div> <!-- suite -->
    </div> <!-- navigator-root -->
    <div class="wrapper">
      <div class="main-panel-root">
        <div panel-name="suite-BookingComProject" class="panel BookingComProject">
          <div class="suite-BookingComProject-class-failed">
            <div class="main-panel-header rounded-window-top">
              <img src="failed.png"/>
              <span class="class-name">BookingComProject.PositiveLoginTest</span>
            </div> <!-- main-panel-header rounded-window-top -->
            <div class="main-panel-content rounded-window-bottom">
              <div class="method">
                <div class="method-content">
                  <a name="bookingComPositiveLoginTest(guzina.zavrsni@gmail.com, [guzinazavrsni123])">
                  </a> <!-- bookingComPositiveLoginTest(guzina.zavrsni@gmail.com, [guzinazavrsni123]) -->
                  <span class="method-name">bookingComPositiveLoginTest</span>
                  <span class="parameters">(guzina.zavrsni@gmail.com, [guzinazavrsni123])</span>
                  <div class="stack-trace">org.openqa.selenium.NoSuchSessionException: invalid session id
Build info: version: &apos;3.141.59&apos;, revision: &apos;e82be7d358&apos;, time: &apos;2018-11-14T08:17:03&apos;
System info: host: &apos;MICAICORA-PC&apos;, ip: &apos;192.168.0.20&apos;, os.name: &apos;Windows 10&apos;, os.arch: &apos;amd64&apos;, os.version: &apos;10.0&apos;, java.version: &apos;14.0.1&apos;
Driver info: org.openqa.selenium.chrome.ChromeDriver
Capabilities {acceptInsecureCerts: false, browserName: chrome, browserVersion: 88.0.4324.190, chrome: {chromedriverVersion: 88.0.4324.27 (6347fe8bf1e48..., userDataDir: C:\Users\MICAIC~1\AppData\L...}, goog:chromeOptions: {debuggerAddress: localhost:61120}, javascriptEnabled: true, networkConnectionEnabled: false, pageLoadStrategy: normal, platform: WINDOWS, platformName: WINDOWS, proxy: Proxy(), setWindowRect: true, strictFileInteractability: false, timeouts: {implicit: 0, pageLoad: 300000, script: 30000}, unhandledPromptBehavior: dismiss and notify, webauthn:extension:largeBlob: true, webauthn:virtualAuthenticators: true}
Session ID: 9640b178da663d333d7e79a315295c13
*** Element info: {Using=id, value=username}
	at org.openqa.selenium.remote.http.W3CHttpResponseCodec.createException(W3CHttpResponseCodec.java:187)
	at org.openqa.selenium.remote.http.W3CHttpResponseCodec.decode(W3CHttpResponseCodec.java:122)
	at org.openqa.selenium.remote.http.W3CHttpResponseCodec.decode(W3CHttpResponseCodec.java:49)
	at org.openqa.selenium.remote.HttpCommandExecutor.execute(HttpCommandExecutor.java:158)
	at org.openqa.selenium.remote.service.DriverCommandExecutor.execute(DriverCommandExecutor.java:83)
	at org.openqa.selenium.remote.RemoteWebDriver.execute(RemoteWebDriver.java:552)
	at org.openqa.selenium.remote.RemoteWebDriver.findElement(RemoteWebDriver.java:323)
	at org.openqa.selenium.remote.RemoteWebDriver.findElementById(RemoteWebDriver.java:372)
	at org.openqa.selenium.By$ById.findElement(By.java:188)
	at org.openqa.selenium.remote.RemoteWebDriver.findElement(RemoteWebDriver.java:315)
	at org.openqa.selenium.support.pagefactory.DefaultElementLocator.findElement(DefaultElementLocator.java:69)
	at org.openqa.selenium.support.pagefactory.internal.LocatingElementHandler.invoke(LocatingElementHandler.java:38)
	at com.sun.proxy.$Proxy9.isDisplayed(Unknown Source)
	at org.openqa.selenium.support.ui.ExpectedConditions.elementIfVisible(ExpectedConditions.java:314)
	at org.openqa.selenium.support.ui.ExpectedConditions.access$000(ExpectedConditions.java:43)
	at org.openqa.selenium.support.ui.ExpectedConditions$10.apply(ExpectedConditions.java:300)
	at org.openqa.selenium.support.ui.ExpectedConditions$10.apply(ExpectedConditions.java:297)
	at org.openqa.selenium.support.ui.FluentWait.until(FluentWait.java:249)
	at PageObjects.BookingComSignInPage.enterUsername(BookingComSignInPage.java:41)
	at PageObjects.BookingComSignInPage.userLogin(BookingComSignInPage.java:58)
	at BookingComProject.PositiveLoginTest.bookingComPositiveLoginTest(PositiveLoginTest.java:19)
	at java.base/java.util.ArrayList.forEach(ArrayList.java:1510)
	at java.base/java.util.concurrent.FutureTask.run(FutureTask.java:264)
	at java.base/java.util.concurrent.ThreadPoolExecutor.runWorker(ThreadPoolExecutor.java:1130)
	at java.base/java.util.concurrent.ThreadPoolExecutor$Worker.run(ThreadPoolExecutor.java:630)
	at java.base/java.lang.Thread.run(Thread.java:832)
... Removed 23 stack frames
</div> <!-- stack-trace -->
                </div> <!-- method-content -->
              </div> <!-- method -->
            </div> <!-- main-panel-content rounded-window-bottom -->
          </div> <!-- suite-BookingComProject-class-failed -->
          <div class="suite-BookingComProject-class-failed">
            <div class="main-panel-header rounded-window-top">
              <img src="failed.png"/>
              <span class="class-name">BookingComProject.SearchAccommodationFunctionalityTest</span>
            </div> <!-- main-panel-header rounded-window-top -->
            <div class="main-panel-content rounded-window-bottom">
              <div class="method">
                <div class="method-content">
                  <a name="searchAvailableAccommodationTest">
                  </a> <!-- searchAvailableAccommodationTest -->
                  <span class="method-name">searchAvailableAccommodationTest</span>
                  <div class="stack-trace">org.openqa.selenium.StaleElementReferenceException: stale element reference: element is not attached to the page document
  (Session info: chrome=88.0.4324.190)
For documentation on this error, please visit: https://www.seleniumhq.org/exceptions/stale_element_reference.html
Build info: version: &apos;3.141.59&apos;, revision: &apos;e82be7d358&apos;, time: &apos;2018-11-14T08:17:03&apos;
System info: host: &apos;MICAICORA-PC&apos;, ip: &apos;192.168.0.20&apos;, os.name: &apos;Windows 10&apos;, os.arch: &apos;amd64&apos;, os.version: &apos;10.0&apos;, java.version: &apos;14.0.1&apos;
Driver info: org.openqa.selenium.chrome.ChromeDriver
Capabilities {acceptInsecureCerts: false, browserName: chrome, browserVersion: 88.0.4324.190, chrome: {chromedriverVersion: 88.0.4324.27 (6347fe8bf1e48..., userDataDir: C:\Users\MICAIC~1\AppData\L...}, goog:chromeOptions: {debuggerAddress: localhost:61120}, javascriptEnabled: true, networkConnectionEnabled: false, pageLoadStrategy: normal, platform: WINDOWS, platformName: WINDOWS, proxy: Proxy(), setWindowRect: true, strictFileInteractability: false, timeouts: {implicit: 0, pageLoad: 300000, script: 30000}, unhandledPromptBehavior: dismiss and notify, webauthn:extension:largeBlob: true, webauthn:virtualAuthenticators: true}
Session ID: 9640b178da663d333d7e79a315295c13
	at org.openqa.selenium.remote.http.W3CHttpResponseCodec.createException(W3CHttpResponseCodec.java:187)
	at org.openqa.selenium.remote.http.W3CHttpResponseCodec.decode(W3CHttpResponseCodec.java:122)
	at org.openqa.selenium.remote.http.W3CHttpResponseCodec.decode(W3CHttpResponseCodec.java:49)
	at org.openqa.selenium.remote.HttpCommandExecutor.execute(HttpCommandExecutor.java:158)
	at org.openqa.selenium.remote.service.DriverCommandExecutor.execute(DriverCommandExecutor.java:83)
	at org.openqa.selenium.remote.RemoteWebDriver.execute(RemoteWebDriver.java:552)
	at org.openqa.selenium.remote.RemoteWebElement.execute(RemoteWebElement.java:285)
	at org.openqa.selenium.remote.RemoteWebElement.click(RemoteWebElement.java:84)
	at org.openqa.selenium.support.pagefactory.internal.LocatingElementHandler.invoke(LocatingElementHandler.java:51)
	at com.sun.proxy.$Proxy9.click(Unknown Source)
	at PageObjects.BookingComHomePage.enterDestination(BookingComHomePage.java:57)
	at PageObjects.BookingComHomePage.accommodationSearch(BookingComHomePage.java:122)
	at BookingComProject.SearchAccommodationFunctionalityTest.searchAvailableAccommodationTest(SearchAccommodationFunctionalityTest.java:22)
	at java.base/java.util.ArrayList.forEach(ArrayList.java:1510)
	at java.base/java.util.concurrent.FutureTask.run(FutureTask.java:264)
	at java.base/java.util.concurrent.ThreadPoolExecutor.runWorker(ThreadPoolExecutor.java:1130)
	at java.base/java.util.concurrent.ThreadPoolExecutor$Worker.run(ThreadPoolExecutor.java:630)
	at java.base/java.lang.Thread.run(Thread.java:832)
... Removed 27 stack frames
</div> <!-- stack-trace -->
                </div> <!-- method-content -->
              </div> <!-- method -->
            </div> <!-- main-panel-content rounded-window-bottom -->
          </div> <!-- suite-BookingComProject-class-failed -->
          <div class="suite-BookingComProject-class-failed">
            <div class="main-panel-header rounded-window-top">
              <img src="failed.png"/>
              <span class="class-name">BookingComProject.FinalReservationFunctionalityTest</span>
            </div> <!-- main-panel-header rounded-window-top -->
            <div class="main-panel-content rounded-window-bottom">
              <div class="method">
                <div class="method-content">
                  <a name="reservationOfChosenAccommodationTest(guzina.zavrsni@gmail.com, [guzinazavrsni123])">
                  </a> <!-- reservationOfChosenAccommodationTest(guzina.zavrsni@gmail.com, [guzinazavrsni123]) -->
                  <span class="method-name">reservationOfChosenAccommodationTest</span>
                  <span class="parameters">(guzina.zavrsni@gmail.com, [guzinazavrsni123])</span>
                  <div class="stack-trace">org.openqa.selenium.StaleElementReferenceException: stale element reference: element is not attached to the page document
  (Session info: chrome=88.0.4324.190)
For documentation on this error, please visit: https://www.seleniumhq.org/exceptions/stale_element_reference.html
Build info: version: &apos;3.141.59&apos;, revision: &apos;e82be7d358&apos;, time: &apos;2018-11-14T08:17:03&apos;
System info: host: &apos;MICAICORA-PC&apos;, ip: &apos;192.168.0.20&apos;, os.name: &apos;Windows 10&apos;, os.arch: &apos;amd64&apos;, os.version: &apos;10.0&apos;, java.version: &apos;14.0.1&apos;
Driver info: org.openqa.selenium.chrome.ChromeDriver
Capabilities {acceptInsecureCerts: false, browserName: chrome, browserVersion: 88.0.4324.190, chrome: {chromedriverVersion: 88.0.4324.27 (6347fe8bf1e48..., userDataDir: C:\Users\MICAIC~1\AppData\L...}, goog:chromeOptions: {debuggerAddress: localhost:61120}, javascriptEnabled: true, networkConnectionEnabled: false, pageLoadStrategy: normal, platform: WINDOWS, platformName: WINDOWS, proxy: Proxy(), setWindowRect: true, strictFileInteractability: false, timeouts: {implicit: 0, pageLoad: 300000, script: 30000}, unhandledPromptBehavior: dismiss and notify, webauthn:extension:largeBlob: true, webauthn:virtualAuthenticators: true}
Session ID: 9640b178da663d333d7e79a315295c13
	at org.openqa.selenium.remote.http.W3CHttpResponseCodec.createException(W3CHttpResponseCodec.java:187)
	at org.openqa.selenium.remote.http.W3CHttpResponseCodec.decode(W3CHttpResponseCodec.java:122)
	at org.openqa.selenium.remote.http.W3CHttpResponseCodec.decode(W3CHttpResponseCodec.java:49)
	at org.openqa.selenium.remote.HttpCommandExecutor.execute(HttpCommandExecutor.java:158)
	at org.openqa.selenium.remote.service.DriverCommandExecutor.execute(DriverCommandExecutor.java:83)
	at org.openqa.selenium.remote.RemoteWebDriver.execute(RemoteWebDriver.java:552)
	at org.openqa.selenium.remote.RemoteWebElement.execute(RemoteWebElement.java:285)
	at org.openqa.selenium.remote.RemoteWebElement.click(RemoteWebElement.java:84)
	at org.openqa.selenium.support.pagefactory.internal.LocatingElementHandler.invoke(LocatingElementHandler.java:51)
	at com.sun.proxy.$Proxy9.click(Unknown Source)
	at PageObjects.BookingComHomePage.clickOnSignInButtonHome(BookingComHomePage.java:54)
	at PageObjects.BookingComSignInPage.userLogin(BookingComSignInPage.java:57)
	at BookingComProject.FinalReservationFunctionalityTest.reservationOfChosenAccommodationTest(FinalReservationFunctionalityTest.java:28)
	at java.base/java.util.ArrayList.forEach(ArrayList.java:1510)
	at java.base/java.util.concurrent.FutureTask.run(FutureTask.java:264)
	at java.base/java.util.concurrent.ThreadPoolExecutor.runWorker(ThreadPoolExecutor.java:1130)
	at java.base/java.util.concurrent.ThreadPoolExecutor$Worker.run(ThreadPoolExecutor.java:630)
	at java.base/java.lang.Thread.run(Thread.java:832)
... Removed 27 stack frames
</div> <!-- stack-trace -->
                </div> <!-- method-content -->
              </div> <!-- method -->
            </div> <!-- main-panel-content rounded-window-bottom -->
          </div> <!-- suite-BookingComProject-class-failed -->
          <div class="suite-BookingComProject-class-failed">
            <div class="main-panel-header rounded-window-top">
              <img src="failed.png"/>
              <span class="class-name">BookingComProject.AdditionalFilterSearchTest</span>
            </div> <!-- main-panel-header rounded-window-top -->
            <div class="main-panel-content rounded-window-bottom">
              <div class="method">
                <div class="method-content">
                  <a name="additionalFilterSearchTest">
                  </a> <!-- additionalFilterSearchTest -->
                  <span class="method-name">additionalFilterSearchTest</span>
                  <div class="stack-trace">org.openqa.selenium.NoSuchElementException: no such element: Unable to locate element: {&quot;method&quot;:&quot;css selector&quot;,&quot;selector&quot;:&quot;#ss&quot;}
  (Session info: chrome=88.0.4324.190)
For documentation on this error, please visit: https://www.seleniumhq.org/exceptions/no_such_element.html
Build info: version: &apos;3.141.59&apos;, revision: &apos;e82be7d358&apos;, time: &apos;2018-11-14T08:17:03&apos;
System info: host: &apos;MICAICORA-PC&apos;, ip: &apos;192.168.0.20&apos;, os.name: &apos;Windows 10&apos;, os.arch: &apos;amd64&apos;, os.version: &apos;10.0&apos;, java.version: &apos;14.0.1&apos;
Driver info: org.openqa.selenium.chrome.ChromeDriver
Capabilities {acceptInsecureCerts: false, browserName: chrome, browserVersion: 88.0.4324.190, chrome: {chromedriverVersion: 88.0.4324.27 (6347fe8bf1e48..., userDataDir: C:\Users\MICAIC~1\AppData\L...}, goog:chromeOptions: {debuggerAddress: localhost:61120}, javascriptEnabled: true, networkConnectionEnabled: false, pageLoadStrategy: normal, platform: WINDOWS, platformName: WINDOWS, proxy: Proxy(), setWindowRect: true, strictFileInteractability: false, timeouts: {implicit: 0, pageLoad: 300000, script: 30000}, unhandledPromptBehavior: dismiss and notify, webauthn:extension:largeBlob: true, webauthn:virtualAuthenticators: true}
Session ID: 9640b178da663d333d7e79a315295c13
*** Element info: {Using=id, value=ss}
	at org.openqa.selenium.remote.http.W3CHttpResponseCodec.createException(W3CHttpResponseCodec.java:187)
	at org.openqa.selenium.remote.http.W3CHttpResponseCodec.decode(W3CHttpResponseCodec.java:122)
	at org.openqa.selenium.remote.http.W3CHttpResponseCodec.decode(W3CHttpResponseCodec.java:49)
	at org.openqa.selenium.remote.HttpCommandExecutor.execute(HttpCommandExecutor.java:158)
	at org.openqa.selenium.remote.service.DriverCommandExecutor.execute(DriverCommandExecutor.java:83)
	at org.openqa.selenium.remote.RemoteWebDriver.execute(RemoteWebDriver.java:552)
	at org.openqa.selenium.remote.RemoteWebDriver.findElement(RemoteWebDriver.java:323)
	at org.openqa.selenium.remote.RemoteWebDriver.findElementById(RemoteWebDriver.java:372)
	at org.openqa.selenium.By$ById.findElement(By.java:188)
	at org.openqa.selenium.remote.RemoteWebDriver.findElement(RemoteWebDriver.java:315)
	at org.openqa.selenium.support.pagefactory.DefaultElementLocator.findElement(DefaultElementLocator.java:69)
	at org.openqa.selenium.support.pagefactory.internal.LocatingElementHandler.invoke(LocatingElementHandler.java:38)
	at com.sun.proxy.$Proxy9.clear(Unknown Source)
	at PageObjects.BookingComHomePage.enterDestination(BookingComHomePage.java:58)
	at PageObjects.BookingComHomePage.accommodationSearch(BookingComHomePage.java:122)
	at BookingComProject.AdditionalFilterSearchTest.additionalFilterSearchTest(AdditionalFilterSearchTest.java:22)
	at java.base/java.util.ArrayList.forEach(ArrayList.java:1510)
	at java.base/java.util.concurrent.FutureTask.run(FutureTask.java:264)
	at java.base/java.util.concurrent.ThreadPoolExecutor.runWorker(ThreadPoolExecutor.java:1130)
	at java.base/java.util.concurrent.ThreadPoolExecutor$Worker.run(ThreadPoolExecutor.java:630)
	at java.base/java.lang.Thread.run(Thread.java:832)
... Removed 23 stack frames
</div> <!-- stack-trace -->
                </div> <!-- method-content -->
              </div> <!-- method -->
            </div> <!-- main-panel-content rounded-window-bottom -->
          </div> <!-- suite-BookingComProject-class-failed -->
          <div class="suite-BookingComProject-class-failed">
            <div class="main-panel-header rounded-window-top">
              <img src="failed.png"/>
              <span class="class-name">BookingComProject.NegativeLoginTest</span>
            </div> <!-- main-panel-header rounded-window-top -->
            <div class="main-panel-content rounded-window-bottom">
              <div class="method">
                <div class="method-content">
                  <a name="bookingComNegativeLoginTest(guzina.zavrsni@gmail.com, [wrongpassword])">
                  </a> <!-- bookingComNegativeLoginTest(guzina.zavrsni@gmail.com, [wrongpassword]) -->
                  <span class="method-name">bookingComNegativeLoginTest</span>
                  <span class="parameters">(guzina.zavrsni@gmail.com, [wrongpassword])</span>
                  <div class="stack-trace">org.openqa.selenium.StaleElementReferenceException: stale element reference: element is not attached to the page document
  (Session info: chrome=88.0.4324.190)
For documentation on this error, please visit: https://www.seleniumhq.org/exceptions/stale_element_reference.html
Build info: version: &apos;3.141.59&apos;, revision: &apos;e82be7d358&apos;, time: &apos;2018-11-14T08:17:03&apos;
System info: host: &apos;MICAICORA-PC&apos;, ip: &apos;192.168.0.20&apos;, os.name: &apos;Windows 10&apos;, os.arch: &apos;amd64&apos;, os.version: &apos;10.0&apos;, java.version: &apos;14.0.1&apos;
Driver info: org.openqa.selenium.chrome.ChromeDriver
Capabilities {acceptInsecureCerts: false, browserName: chrome, browserVersion: 88.0.4324.190, chrome: {chromedriverVersion: 88.0.4324.27 (6347fe8bf1e48..., userDataDir: C:\Users\MICAIC~1\AppData\L...}, goog:chromeOptions: {debuggerAddress: localhost:61120}, javascriptEnabled: true, networkConnectionEnabled: false, pageLoadStrategy: normal, platform: WINDOWS, platformName: WINDOWS, proxy: Proxy(), setWindowRect: true, strictFileInteractability: false, timeouts: {implicit: 0, pageLoad: 300000, script: 30000}, unhandledPromptBehavior: dismiss and notify, webauthn:extension:largeBlob: true, webauthn:virtualAuthenticators: true}
Session ID: 9640b178da663d333d7e79a315295c13
	at org.openqa.selenium.remote.http.W3CHttpResponseCodec.createException(W3CHttpResponseCodec.java:187)
	at org.openqa.selenium.remote.http.W3CHttpResponseCodec.decode(W3CHttpResponseCodec.java:122)
	at org.openqa.selenium.remote.http.W3CHttpResponseCodec.decode(W3CHttpResponseCodec.java:49)
	at org.openqa.selenium.remote.HttpCommandExecutor.execute(HttpCommandExecutor.java:158)
	at org.openqa.selenium.remote.service.DriverCommandExecutor.execute(DriverCommandExecutor.java:83)
	at org.openqa.selenium.remote.RemoteWebDriver.execute(RemoteWebDriver.java:552)
	at org.openqa.selenium.remote.RemoteWebElement.execute(RemoteWebElement.java:285)
	at org.openqa.selenium.remote.RemoteWebElement.click(RemoteWebElement.java:84)
	at org.openqa.selenium.support.pagefactory.internal.LocatingElementHandler.invoke(LocatingElementHandler.java:51)
	at com.sun.proxy.$Proxy9.click(Unknown Source)
	at PageObjects.BookingComHomePage.clickOnSignInButtonHome(BookingComHomePage.java:54)
	at PageObjects.BookingComSignInPage.userLogin(BookingComSignInPage.java:57)
	at BookingComProject.NegativeLoginTest.bookingComNegativeLoginTest(NegativeLoginTest.java:24)
	at java.base/java.util.ArrayList.forEach(ArrayList.java:1510)
	at java.base/java.util.concurrent.FutureTask.run(FutureTask.java:264)
	at java.base/java.util.concurrent.ThreadPoolExecutor.runWorker(ThreadPoolExecutor.java:1130)
	at java.base/java.util.concurrent.ThreadPoolExecutor$Worker.run(ThreadPoolExecutor.java:630)
	at java.base/java.lang.Thread.run(Thread.java:832)
... Removed 27 stack frames
</div> <!-- stack-trace -->
                </div> <!-- method-content -->
              </div> <!-- method -->
            </div> <!-- main-panel-content rounded-window-bottom -->
          </div> <!-- suite-BookingComProject-class-failed -->
        </div> <!-- panel BookingComProject -->
        <div panel-name="test-xml-BookingComProject" class="panel">
          <div class="main-panel-header rounded-window-top">
            <span class="header-content">C:\Users\MicaiCora\eclipse-AutomationProjects\BookingComFunctionality\testng.xml</span>
          </div> <!-- main-panel-header rounded-window-top -->
          <div class="main-panel-content rounded-window-bottom">
            <pre>
&lt;?xml version=&quot;1.0&quot; encoding=&quot;UTF-8&quot;?&gt;
&lt;!DOCTYPE suite SYSTEM &quot;https://testng.org/testng-1.0.dtd&quot;&gt;
&lt;suite parallel=&quot;tests&quot; name=&quot;BookingComProject&quot; guice-stage=&quot;DEVELOPMENT&quot; verbose=&quot;0&quot;&gt;
  &lt;test thread-count=&quot;5&quot; parallel=&quot;tests&quot; name=&quot;Search accommodation functionality test&quot; verbose=&quot;0&quot;&gt;
    &lt;classes&gt;
      &lt;class name=&quot;BookingComProject.SearchAccommodationFunctionalityTest&quot;/&gt;
    &lt;/classes&gt;
  &lt;/test&gt; &lt;!-- Search accommodation functionality test --&gt;
  &lt;test thread-count=&quot;5&quot; parallel=&quot;tests&quot; name=&quot;Negative login test&quot; verbose=&quot;0&quot;&gt;
    &lt;classes&gt;
      &lt;class name=&quot;BookingComProject.NegativeLoginTest&quot;/&gt;
    &lt;/classes&gt;
  &lt;/test&gt; &lt;!-- Negative login test --&gt;
  &lt;test thread-count=&quot;5&quot; parallel=&quot;tests&quot; name=&quot;Final Reservation functionality test&quot; verbose=&quot;0&quot;&gt;
    &lt;classes&gt;
      &lt;class name=&quot;BookingComProject.FinalReservationFunctionalityTest&quot;/&gt;
    &lt;/classes&gt;
  &lt;/test&gt; &lt;!-- Final Reservation functionality test --&gt;
  &lt;test thread-count=&quot;5&quot; parallel=&quot;tests&quot; name=&quot;Additional filter search test&quot; verbose=&quot;0&quot;&gt;
    &lt;classes&gt;
      &lt;class name=&quot;BookingComProject.AdditionalFilterSearchTest&quot;/&gt;
    &lt;/classes&gt;
  &lt;/test&gt; &lt;!-- Additional filter search test --&gt;
  &lt;test thread-count=&quot;5&quot; parallel=&quot;tests&quot; name=&quot;Positive login test&quot; verbose=&quot;0&quot;&gt;
    &lt;classes&gt;
      &lt;class name=&quot;BookingComProject.PositiveLoginTest&quot;/&gt;
    &lt;/classes&gt;
  &lt;/test&gt; &lt;!-- Positive login test --&gt;
&lt;/suite&gt; &lt;!-- BookingComProject --&gt;
            </pre>
          </div> <!-- main-panel-content rounded-window-bottom -->
        </div> <!-- panel -->
        <div panel-name="testlist-BookingComProject" class="panel">
          <div class="main-panel-header rounded-window-top">
            <span class="header-content">Tests for BookingComProject</span>
          </div> <!-- main-panel-header rounded-window-top -->
          <div class="main-panel-content rounded-window-bottom">
            <ul>
              <li>
                <span class="test-name">Search accommodation functionality test (1 class)</span>
              </li>
              <li>
                <span class="test-name">Negative login test (1 class)</span>
              </li>
              <li>
                <span class="test-name">Final Reservation functionality test (1 class)</span>
              </li>
              <li>
                <span class="test-name">Additional filter search test (1 class)</span>
              </li>
              <li>
                <span class="test-name">Positive login test (1 class)</span>
              </li>
            </ul>
          </div> <!-- main-panel-content rounded-window-bottom -->
        </div> <!-- panel -->
        <div panel-name="group-BookingComProject" class="panel">
          <div class="main-panel-header rounded-window-top">
            <span class="header-content">Groups for BookingComProject</span>
          </div> <!-- main-panel-header rounded-window-top -->
          <div class="main-panel-content rounded-window-bottom">
          </div> <!-- main-panel-content rounded-window-bottom -->
        </div> <!-- panel -->
        <div panel-name="times-BookingComProject" class="panel">
          <div class="main-panel-header rounded-window-top">
            <span class="header-content">Times for BookingComProject</span>
          </div> <!-- main-panel-header rounded-window-top -->
          <div class="main-panel-content rounded-window-bottom">
            <div class="times-div">
              <script type="text/javascript">
suiteTableInitFunctions.push('tableData_BookingComProject');
function tableData_BookingComProject() {
var data = new google.visualization.DataTable();
data.addColumn('number', 'Number');
data.addColumn('string', 'Method');
data.addColumn('string', 'Class');
data.addColumn('number', 'Time (ms)');
data.addRows(5);
data.setCell(0, 0, 0)
data.setCell(0, 1, 'additionalFilterSearchTest')
data.setCell(0, 2, 'BookingComProject.AdditionalFilterSearchTest')
data.setCell(0, 3, 27298);
data.setCell(1, 0, 1)
data.setCell(1, 1, 'bookingComPositiveLoginTest')
data.setCell(1, 2, 'BookingComProject.PositiveLoginTest')
data.setCell(1, 3, 24484);
data.setCell(2, 0, 2)
data.setCell(2, 1, 'searchAvailableAccommodationTest')
data.setCell(2, 2, 'BookingComProject.SearchAccommodationFunctionalityTest')
data.setCell(2, 3, 20898);
data.setCell(3, 0, 3)
data.setCell(3, 1, 'bookingComNegativeLoginTest')
data.setCell(3, 2, 'BookingComProject.NegativeLoginTest')
data.setCell(3, 3, 16286);
data.setCell(4, 0, 4)
data.setCell(4, 1, 'reservationOfChosenAccommodationTest')
data.setCell(4, 2, 'BookingComProject.FinalReservationFunctionalityTest')
data.setCell(4, 3, 3565);
window.suiteTableData['BookingComProject']= { tableData: data, tableDiv: 'times-div-BookingComProject'}
return data;
}
              </script>
              <span class="suite-total-time">Total running time: 38 seconds</span>
              <div id="times-div-BookingComProject">
              </div> <!-- times-div-BookingComProject -->
            </div> <!-- times-div -->
          </div> <!-- main-panel-content rounded-window-bottom -->
        </div> <!-- panel -->
        <div panel-name="reporter-BookingComProject" class="panel">
          <div class="main-panel-header rounded-window-top">
            <span class="header-content">Reporter output for BookingComProject</span>
          </div> <!-- main-panel-header rounded-window-top -->
          <div class="main-panel-content rounded-window-bottom">
          </div> <!-- main-panel-content rounded-window-bottom -->
        </div> <!-- panel -->
        <div panel-name="ignored-methods-BookingComProject" class="panel">
          <div class="main-panel-header rounded-window-top">
            <span class="header-content">0 ignored methods</span>
          </div> <!-- main-panel-header rounded-window-top -->
          <div class="main-panel-content rounded-window-bottom">
          </div> <!-- main-panel-content rounded-window-bottom -->
        </div> <!-- panel -->
        <div panel-name="chronological-BookingComProject" class="panel">
          <div class="main-panel-header rounded-window-top">
            <span class="header-content">Methods in chronological order</span>
          </div> <!-- main-panel-header rounded-window-top -->
          <div class="main-panel-content rounded-window-bottom">
            <div class="chronological-class">
              <div class="chronological-class-name">BookingComProject.SearchAccommodationFunctionalityTest</div> <!-- chronological-class-name -->
              <div class="configuration-test before">
                <span class="method-name">testInit</span>
                <span class="method-start">0 ms</span>
              </div> <!-- configuration-test before -->
            </div> <!-- chronological-class -->
            <div class="chronological-class">
              <div class="chronological-class-name">BookingComProject.AdditionalFilterSearchTest</div> <!-- chronological-class-name -->
              <div class="configuration-test before">
                <span class="method-name">testInit</span>
                <span class="method-start">0 ms</span>
              </div> <!-- configuration-test before -->
            </div> <!-- chronological-class -->
            <div class="chronological-class">
              <div class="chronological-class-name">BookingComProject.FinalReservationFunctionalityTest</div> <!-- chronological-class-name -->
              <div class="configuration-test before">
                <span class="method-name">testInit</span>
                <span class="method-start">0 ms</span>
              </div> <!-- configuration-test before -->
            </div> <!-- chronological-class -->
            <div class="chronological-class">
              <div class="chronological-class-name">BookingComProject.PositiveLoginTest</div> <!-- chronological-class-name -->
              <div class="configuration-test before">
                <span class="method-name">testInit</span>
                <span class="method-start">1 ms</span>
              </div> <!-- configuration-test before -->
            </div> <!-- chronological-class -->
            <div class="chronological-class">
              <div class="chronological-class-name">BookingComProject.NegativeLoginTest</div> <!-- chronological-class-name -->
              <div class="configuration-test before">
                <span class="method-name">testInit</span>
                <span class="method-start">1 ms</span>
              </div> <!-- configuration-test before -->
            </div> <!-- chronological-class -->
            <div class="chronological-class">
              <div class="chronological-class-name">BookingComProject.AdditionalFilterSearchTest</div> <!-- chronological-class-name -->
              <div class="test-method">
                <img src="failed.png">
                </img>
                <span class="method-name">additionalFilterSearchTest</span>
                <span class="method-start">5907 ms</span>
              </div> <!-- test-method -->
            </div> <!-- chronological-class -->
            <div class="chronological-class">
              <div class="chronological-class-name">BookingComProject.PositiveLoginTest</div> <!-- chronological-class-name -->
              <div class="test-method">
                <img src="failed.png">
                </img>
                <span class="method-name">bookingComPositiveLoginTest(guzina.zavrsni@gmail.com, [guzinazavrsni123])</span>
                <span class="method-start">9846 ms</span>
              </div> <!-- test-method -->
            </div> <!-- chronological-class -->
            <div class="chronological-class">
              <div class="chronological-class-name">BookingComProject.SearchAccommodationFunctionalityTest</div> <!-- chronological-class-name -->
              <div class="test-method">
                <img src="failed.png">
                </img>
                <span class="method-name">searchAvailableAccommodationTest</span>
                <span class="method-start">12307 ms</span>
              </div> <!-- test-method -->
            </div> <!-- chronological-class -->
            <div class="chronological-class">
              <div class="chronological-class-name">BookingComProject.NegativeLoginTest</div> <!-- chronological-class-name -->
              <div class="test-method">
                <img src="failed.png">
                </img>
                <span class="method-name">bookingComNegativeLoginTest(guzina.zavrsni@gmail.com, [wrongpassword])</span>
                <span class="method-start">16918 ms</span>
              </div> <!-- test-method -->
            </div> <!-- chronological-class -->
            <div class="chronological-class">
              <div class="chronological-class-name">BookingComProject.FinalReservationFunctionalityTest</div> <!-- chronological-class-name -->
              <div class="test-method">
                <img src="failed.png">
                </img>
                <span class="method-name">reservationOfChosenAccommodationTest(guzina.zavrsni@gmail.com, [guzinazavrsni123])</span>
                <span class="method-start">29640 ms</span>
              </div> <!-- test-method -->
              <div class="configuration-test after">
                <img src="failed.png">
                </img>
                <span class="method-name">testTearDown</span>
                <span class="method-start">33242 ms</span>
              </div> <!-- configuration-test after -->
            </div> <!-- chronological-class -->
            <div class="chronological-class">
              <div class="chronological-class-name">BookingComProject.AdditionalFilterSearchTest</div> <!-- chronological-class-name -->
              <div class="configuration-test after">
                <span class="method-name">testTearDown</span>
                <span class="method-start">33242 ms</span>
              </div> <!-- configuration-test after -->
            </div> <!-- chronological-class -->
            <div class="chronological-class">
              <div class="chronological-class-name">BookingComProject.NegativeLoginTest</div> <!-- chronological-class-name -->
              <div class="configuration-test after">
                <img src="failed.png">
                </img>
                <span class="method-name">testTearDown</span>
                <span class="method-start">33249 ms</span>
              </div> <!-- configuration-test after -->
            </div> <!-- chronological-class -->
            <div class="chronological-class">
              <div class="chronological-class-name">BookingComProject.SearchAccommodationFunctionalityTest</div> <!-- chronological-class-name -->
              <div class="configuration-test after">
                <img src="failed.png">
                </img>
                <span class="method-name">testTearDown</span>
                <span class="method-start">33251 ms</span>
              </div> <!-- configuration-test after -->
            </div> <!-- chronological-class -->
            <div class="chronological-class">
              <div class="chronological-class-name">BookingComProject.PositiveLoginTest</div> <!-- chronological-class-name -->
              <div class="configuration-test after">
                <img src="failed.png">
                </img>
                <span class="method-name">testTearDown</span>
                <span class="method-start">34333 ms</span>
              </div> <!-- configuration-test after -->
          </div> <!-- main-panel-content rounded-window-bottom -->
        </div> <!-- panel -->
      </div> <!-- main-panel-root -->
    </div> <!-- wrapper -->
  </body>
<script type="text/javascript" src="testng-reports2.js"></script>
</html>
