<?xml version="1.0" encoding="UTF-8"?>
<testng-results ignored="0" total="1" passed="1" failed="0" skipped="0">
  <reporter-output>
  </reporter-output>
  <suite started-at="2021-03-26T16:08:42 CET" name="Default suite" finished-at="2021-03-26T16:09:30 CET" duration-ms="47907">
    <groups>
    </groups>
    <test started-at="2021-03-26T16:08:42 CET" name="Default test" finished-at="2021-03-26T16:09:30 CET" duration-ms="47907">
      <class name="BookingComProject.AdditionalFilterSearchTest">
        <test-method is-config="true" signature="testInit()[pri:0, instance:BookingComProject.AdditionalFilterSearchTest@593e824f]" started-at="2021-03-26T16:08:42 CET" name="testInit" finished-at="2021-03-26T16:08:42 CET" duration-ms="229" status="PASS">
          <reporter-output>
          </reporter-output>
        </test-method> <!-- testInit -->
        <test-method signature="additionalFilterSearchTest()[pri:0, instance:BookingComProject.AdditionalFilterSearchTest@593e824f]" started-at="2021-03-26T16:08:42 CET" name="additionalFilterSearchTest" finished-at="2021-03-26T16:09:27 CET" duration-ms="44613" status="PASS">
          <reporter-output>
          </reporter-output>
        </test-method> <!-- additionalFilterSearchTest -->
        <test-method is-config="true" signature="testTearDown()[pri:0, instance:BookingComProject.AdditionalFilterSearchTest@593e824f]" started-at="2021-03-26T16:09:27 CET" name="testTearDown" finished-at="2021-03-26T16:09:30 CET" duration-ms="2928" status="PASS">
          <reporter-output>
          </reporter-output>
        </test-method> <!-- testTearDown -->
      </class> <!-- BookingComProject.AdditionalFilterSearchTest -->
    </test> <!-- Default test -->
  </suite> <!-- Default suite -->
</testng-results>
