<?xml version="1.0" encoding="UTF-8"?>
<!-- Generated by org.testng.reporters.JUnitReportReporter -->
<testsuite hostname="MicaiCora-PC" failures="0" tests="1" name="BookingComProject.SearchAccommodationFunctionalityTest" time="23.350" errors="0" timestamp="2021-03-10T20:08:51 CET" skipped="0">
  <testcase classname="BookingComProject.SearchAccommodationFunctionalityTest" name="searchAvailableAccommodationTest" time="23.350"/>
  <system-out/>
</testsuite> <!-- BookingComProject.SearchAccommodationFunctionalityTest -->
