<?xml version="1.0" encoding="UTF-8"?>
<!-- Generated by org.testng.reporters.JUnitReportReporter -->
<testsuite hostname="MicaiCora-PC" failures="0" tests="1" name="BookingComProject.SearchAccommodationFunctionalityTest" time="30.578" errors="0" timestamp="2021-03-26T15:46:37 CET" skipped="0">
  <testcase classname="BookingComProject.SearchAccommodationFunctionalityTest" name="searchAvailableAccommodationTest" time="30.578"/>
  <system-out/>
</testsuite> <!-- BookingComProject.SearchAccommodationFunctionalityTest -->
